Flow report for scannerIO
Sun Nov 27 17:04:41 2016
Quartus Prime Version 16.0.0 Build 211 04/27/2016 SJ Standard Edition


---------------------
; Table of Contents ;
---------------------
  1. Legal Notice
  2. Flow Summary
  3. Flow Settings
  4. Flow Non-Default Global Settings
  5. Flow Elapsed Time
  6. Flow OS Summary
  7. Flow Log
  8. Flow Messages
  9. Flow Suppressed Messages



----------------
; Legal Notice ;
----------------
Copyright (C) 1991-2016 Altera Corporation. All rights reserved.
Your use of Altera Corporation's design tools, logic functions 
and other software and tools, and its AMPP partner logic 
functions, and any output files from any of the foregoing 
(including device programming or simulation files), and any 
associated documentation or information are expressly subject 
to the terms and conditions of the Altera Program License 
Subscription Agreement, the Altera Quartus Prime License Agreement,
the Altera MegaCore Function License Agreement, or other 
applicable license agreement, including, without limitation, 
that your use is for the sole purpose of programming logic 
devices manufactured by Altera and sold by Altera or its 
authorized distributors.  Please refer to the applicable 
agreement for further details.



+-----------------------------------------------------------------------------------+
; Flow Summary                                                                      ;
+---------------------------------+-------------------------------------------------+
; Flow Status                     ; Successful - Sun Nov 27 17:04:30 2016           ;
; Quartus Prime Version           ; 16.0.0 Build 211 04/27/2016 SJ Standard Edition ;
; Revision Name                   ; scannerIO                                       ;
; Top-level Entity Name           ; scannerIO                                       ;
; Family                          ; Cyclone V                                       ;
; Device                          ; 5CSEMA5F31C6                                    ;
; Timing Models                   ; Final                                           ;
; Logic utilization (in ALMs)     ; 871 / 32,070 ( 3 % )                            ;
; Total registers                 ; 1268                                            ;
; Total pins                      ; 66 / 457 ( 14 % )                               ;
; Total virtual pins              ; 0                                               ;
; Total block memory bits         ; 76,800 / 4,065,280 ( 2 % )                      ;
; Total DSP Blocks                ; 0 / 87 ( 0 % )                                  ;
; Total HSSI RX PCSs              ; 0                                               ;
; Total HSSI PMA RX Deserializers ; 0                                               ;
; Total HSSI TX PCSs              ; 0                                               ;
; Total HSSI PMA TX Serializers   ; 0                                               ;
; Total PLLs                      ; 0 / 6 ( 0 % )                                   ;
; Total DLLs                      ; 0 / 4 ( 0 % )                                   ;
+---------------------------------+-------------------------------------------------+


+-----------------------------------------+
; Flow Settings                           ;
+-------------------+---------------------+
; Option            ; Setting             ;
+-------------------+---------------------+
; Start date & time ; 11/27/2016 17:02:32 ;
; Main task         ; Compilation         ;
; Revision Name     ; scannerIO           ;
+-------------------+---------------------+


+----------------------------------------------------------------------------------------------------------------------------------------------+
; Flow Non-Default Global Settings                                                                                                             ;
+-------------------------------------+---------------------------------------------------------+---------------+-------------+----------------+
; Assignment Name                     ; Value                                                   ; Default Value ; Entity Name ; Section Id     ;
+-------------------------------------+---------------------------------------------------------+---------------+-------------+----------------+
; COMPILER_SIGNATURE_ID               ; 273440549381667.148029495200764                         ; --            ; --          ; --             ;
; EDA_OUTPUT_DATA_FORMAT              ; Verilog Hdl                                             ; --            ; --          ; eda_simulation ;
; EDA_SIMULATION_TOOL                 ; ModelSim-Altera (Verilog)                               ; <None>        ; --          ; --             ;
; EDA_TIME_SCALE                      ; 1 ps                                                    ; --            ; --          ; eda_simulation ;
; MAX_CORE_JUNCTION_TEMP              ; 85                                                      ; --            ; --          ; --             ;
; MIN_CORE_JUNCTION_TEMP              ; 0                                                       ; --            ; --          ; --             ;
; MISC_FILE                           ; nios2/synthesis/../nios2.cmp                            ; --            ; --          ; --             ;
; MISC_FILE                           ; nios2/synthesis/../../nios2.qsys                        ; --            ; --          ; --             ;
; PARTITION_COLOR                     ; 16764057                                                ; --            ; --          ; Top            ;
; PARTITION_FITTER_PRESERVATION_LEVEL ; PLACEMENT_AND_ROUTING                                   ; --            ; --          ; Top            ;
; PARTITION_NETLIST_TYPE              ; SOURCE                                                  ; --            ; --          ; Top            ;
; POWER_BOARD_THERMAL_MODEL           ; None (CONSERVATIVE)                                     ; --            ; --          ; --             ;
; POWER_PRESET_COOLING_SOLUTION       ; 23 MM HEAT SINK WITH 200 LFPM AIRFLOW                   ; --            ; --          ; --             ;
; PROJECT_OUTPUT_DIRECTORY            ; output_files                                            ; --            ; --          ; --             ;
; SLD_FILE                            ; nios2/synthesis/nios2.regmap                            ; --            ; --          ; --             ;
; SLD_FILE                            ; nios2/synthesis/nios2.debuginfo                         ; --            ; --          ; --             ;
; SLD_INFO                            ; QSYS_NAME nios2 HAS_SOPCINFO 1 GENERATION_ID 1480286968 ; --            ; nios2       ; --             ;
; SOPCINFO_FILE                       ; nios2/synthesis/../../nios2.sopcinfo                    ; --            ; --          ; --             ;
; SYNTHESIS_ONLY_QIP                  ; On                                                      ; --            ; --          ; --             ;
+-------------------------------------+---------------------------------------------------------+---------------+-------------+----------------+


+-------------------------------------------------------------------------------------------------------------------------------+
; Flow Elapsed Time                                                                                                             ;
+---------------------------+--------------+-------------------------+---------------------+------------------------------------+
; Module Name               ; Elapsed Time ; Average Processors Used ; Peak Virtual Memory ; Total CPU Time (on all processors) ;
+---------------------------+--------------+-------------------------+---------------------+------------------------------------+
; Analysis & Synthesis      ; 00:00:34     ; 1.0                     ; 1106 MB             ; 00:01:00                           ;
; Fitter                    ; 00:01:11     ; 1.1                     ; 2863 MB             ; 00:02:25                           ;
; Assembler                 ; 00:00:08     ; 1.0                     ; 939 MB              ; 00:00:08                           ;
; TimeQuest Timing Analyzer ; 00:00:10     ; 1.5                     ; 1309 MB             ; 00:00:14                           ;
; Total                     ; 00:02:03     ; --                      ; --                  ; 00:03:47                           ;
+---------------------------+--------------+-------------------------+---------------------+------------------------------------+


+----------------------------------------------------------------------------------------+
; Flow OS Summary                                                                        ;
+---------------------------+------------------+-----------+------------+----------------+
; Module Name               ; Machine Hostname ; OS Name   ; OS Version ; Processor type ;
+---------------------------+------------------+-----------+------------+----------------+
; Analysis & Synthesis      ; EE-137PC08       ; Windows 8 ; 6.2        ; x86_64         ;
; Fitter                    ; EE-137PC08       ; Windows 8 ; 6.2        ; x86_64         ;
; Assembler                 ; EE-137PC08       ; Windows 8 ; 6.2        ; x86_64         ;
; TimeQuest Timing Analyzer ; EE-137PC08       ; Windows 8 ; 6.2        ; x86_64         ;
+---------------------------+------------------+-----------+------------+----------------+


------------
; Flow Log ;
------------
quartus_map --read_settings_files=on --write_settings_files=off scannerIO -c scannerIO
quartus_fit --read_settings_files=off --write_settings_files=off scannerIO -c scannerIO
quartus_asm --read_settings_files=off --write_settings_files=off scannerIO -c scannerIO
quartus_sta scannerIO -c scannerIO



