This is pdfTeX, Version 3.14159265-2.6-1.40.16 (TeX Live 2015) (preloaded format=pdflatex 2015.5.24)  7 DEC 2016 13:22
entering extended mode
 restricted \write18 enabled.
 %&-line parsing enabled.
**lab5.tex
(./lab5.tex
LaTeX2e <2015/01/01>
Babel <3.9l> and hyphenation patterns for 79 languages loaded.
(/usr/local/texlive/2015/texmf-dist/tex/latex/base/article.cls
Document Class: article 2014/09/29 v1.4h Standard LaTeX document class
(/usr/local/texlive/2015/texmf-dist/tex/latex/base/size10.clo
File: size10.clo 2014/09/29 v1.4h Standard LaTeX file (size option)
)
\c@part=\count79
\c@section=\count80
\c@subsection=\count81
\c@subsubsection=\count82
\c@paragraph=\count83
\c@subparagraph=\count84
\c@figure=\count85
\c@table=\count86
\abovecaptionskip=\skip41
\belowcaptionskip=\skip42
\bibindent=\dimen102
)
(/usr/local/texlive/2015/texmf-dist/tex/latex/geometry/geometry.sty
Package: geometry 2010/09/12 v5.6 Page Geometry

(/usr/local/texlive/2015/texmf-dist/tex/latex/graphics/keyval.sty
Package: keyval 2014/10/28 v1.15 key=value parser (DPC)
\KV@toks@=\toks14
)
(/usr/local/texlive/2015/texmf-dist/tex/generic/oberdiek/ifpdf.sty
Package: ifpdf 2011/01/30 v2.3 Provides the ifpdf switch (HO)
Package ifpdf Info: pdfTeX in PDF mode is detected.
)
(/usr/local/texlive/2015/texmf-dist/tex/generic/oberdiek/ifvtex.sty
Package: ifvtex 2010/03/01 v1.5 Detect VTeX and its facilities (HO)
Package ifvtex Info: VTeX not detected.
)
(/usr/local/texlive/2015/texmf-dist/tex/generic/ifxetex/ifxetex.sty
Package: ifxetex 2010/09/12 v0.6 Provides ifxetex conditional
)
\Gm@cnth=\count87
\Gm@cntv=\count88
\c@Gm@tempcnt=\count89
\Gm@bindingoffset=\dimen103
\Gm@wd@mp=\dimen104
\Gm@odd@mp=\dimen105
\Gm@even@mp=\dimen106
\Gm@layoutwidth=\dimen107
\Gm@layoutheight=\dimen108
\Gm@layouthoffset=\dimen109
\Gm@layoutvoffset=\dimen110
\Gm@dimlist=\toks15
)
(/usr/local/texlive/2015/texmf-dist/tex/latex/ms/ragged2e.sty
Package: ragged2e 2009/05/21 v2.1 ragged2e Package (MS)

(/usr/local/texlive/2015/texmf-dist/tex/latex/ms/everysel.sty
Package: everysel 2011/10/28 v1.2 EverySelectfont Package (MS)
)
(/usr/local/texlive/2015/texmf-dist/tex/latex/footmisc/footmisc.sty
Package: footmisc 2011/06/06 v5.5b a miscellany of footnote facilities
\FN@temptoken=\toks16
\footnotemargin=\dimen111
\c@pp@next@reset=\count90
Package footmisc Info: Declaring symbol style bringhurst on input line 855.
Package footmisc Info: Declaring symbol style chicago on input line 863.
Package footmisc Info: Declaring symbol style wiley on input line 872.
Package footmisc Info: Declaring symbol style lamport-robust on input line 883.

Package footmisc Info: Declaring symbol style lamport* on input line 903.
Package footmisc Info: Declaring symbol style lamport*-robust on input line 924
.
)
\CenteringLeftskip=\skip43
\RaggedLeftLeftskip=\skip44
\RaggedRightLeftskip=\skip45
\CenteringRightskip=\skip46
\RaggedLeftRightskip=\skip47
\RaggedRightRightskip=\skip48
\CenteringParfillskip=\skip49
\RaggedLeftParfillskip=\skip50
\RaggedRightParfillskip=\skip51
\JustifyingParfillskip=\skip52
\CenteringParindent=\skip53
\RaggedLeftParindent=\skip54
\RaggedRightParindent=\skip55
\JustifyingParindent=\skip56
)
(/usr/local/texlive/2015/texmf-dist/tex/latex/psnfss/times.sty
Package: times 2005/04/12 PSNFSS-v9.2a (SPQR) 
)
(/usr/local/texlive/2015/texmf-dist/tex/latex/titlesec/titlesec.sty
Package: titlesec 2011/12/15 v2.10.0 Sectioning titles
\ttl@box=\box26
\beforetitleunit=\skip57
\aftertitleunit=\skip58
\ttl@plus=\dimen112
\ttl@minus=\dimen113
\ttl@toksa=\toks17
\titlewidth=\dimen114
\titlewidthlast=\dimen115
\titlewidthfirst=\dimen116
)
(/usr/local/texlive/2015/texmf-dist/tex/latex/listings/listings.sty
\lst@mode=\count91
\lst@gtempboxa=\box27
\lst@token=\toks18
\lst@length=\count92
\lst@currlwidth=\dimen117
\lst@column=\count93
\lst@pos=\count94
\lst@lostspace=\dimen118
\lst@width=\dimen119
\lst@newlines=\count95
\lst@lineno=\count96
\lst@maxwidth=\dimen120

(/usr/local/texlive/2015/texmf-dist/tex/latex/listings/lstmisc.sty
File: lstmisc.sty 2014/09/06 1.5e (Carsten Heinz)
\c@lstnumber=\count97
\lst@skipnumbers=\count98
\lst@framebox=\box28
)
(/usr/local/texlive/2015/texmf-dist/tex/latex/listings/listings.cfg
File: listings.cfg 2014/09/06 1.5e listings configuration
))
Package: listings 2014/09/06 1.5e (Carsten Heinz)

(/usr/local/texlive/2015/texmf-dist/tex/latex/graphics/color.sty
Package: color 2014/10/28 v1.1a Standard LaTeX Color (DPC)

(/usr/local/texlive/2015/texmf-dist/tex/latex/latexconfig/color.cfg
File: color.cfg 2007/01/18 v1.5 color configuration of teTeX/TeXLive
)
Package color Info: Driver file: pdftex.def on input line 142.

(/usr/local/texlive/2015/texmf-dist/tex/latex/pdftex-def/pdftex.def
File: pdftex.def 2011/05/27 v0.06d Graphics/color for pdfTeX

(/usr/local/texlive/2015/texmf-dist/tex/generic/oberdiek/infwarerr.sty
Package: infwarerr 2010/04/08 v1.3 Providing info/warning/error messages (HO)
)
(/usr/local/texlive/2015/texmf-dist/tex/generic/oberdiek/ltxcmds.sty
Package: ltxcmds 2011/11/09 v1.22 LaTeX kernel commands for general use (HO)
)
\Gread@gobject=\count99
))
(/usr/local/texlive/2015/texmf-dist/tex/latex/graphics/graphicx.sty
Package: graphicx 2014/10/28 v1.0g Enhanced LaTeX Graphics (DPC,SPQR)

(/usr/local/texlive/2015/texmf-dist/tex/latex/graphics/graphics.sty
Package: graphics 2014/10/28 v1.0p Standard LaTeX Graphics (DPC,SPQR)

(/usr/local/texlive/2015/texmf-dist/tex/latex/graphics/trig.sty
Package: trig 1999/03/16 v1.09 sin cos tan (DPC)
)
(/usr/local/texlive/2015/texmf-dist/tex/latex/latexconfig/graphics.cfg
File: graphics.cfg 2010/04/23 v1.9 graphics configuration of TeX Live
)
Package graphics Info: Driver file: pdftex.def on input line 94.
)
\Gin@req@height=\dimen121
\Gin@req@width=\dimen122
)
(/usr/local/texlive/2015/texmf-dist/tex/latex/float/float.sty
Package: float 2001/11/08 v1.3d Float enhancements (AL)
\c@float@type=\count100
\float@exts=\toks19
\float@box=\box29
\@float@everytoks=\toks20
\@floatcapt=\box30
)
(/usr/local/texlive/2015/texmf-dist/tex/latex/wrapfig/wrapfig.sty
\wrapoverhang=\dimen123
\WF@size=\dimen124
\c@WF@wrappedlines=\count101
\WF@box=\box31
\WF@everypar=\toks21
Package: wrapfig 2003/01/31  v 3.6
)
(/usr/local/texlive/2015/texmf-dist/tex/latex/listings/lstlang1.sty
File: lstlang1.sty 2014/09/06 1.5e listings language file
)
(/usr/local/texlive/2015/texmf-dist/tex/latex/listings/lstlang2.sty
File: lstlang2.sty 2014/09/06 1.5e listings language file
)
(/usr/local/texlive/2015/texmf-dist/tex/latex/listings/lstlang3.sty
File: lstlang3.sty 2014/09/06 1.5e listings language file
)
(./lab5.aux)
\openout1 = `lab5.aux'.

LaTeX Font Info:    Checking defaults for OML/cmm/m/it on input line 43.
LaTeX Font Info:    ... okay on input line 43.
LaTeX Font Info:    Checking defaults for T1/cmr/m/n on input line 43.
LaTeX Font Info:    ... okay on input line 43.
LaTeX Font Info:    Checking defaults for OT1/cmr/m/n on input line 43.
LaTeX Font Info:    ... okay on input line 43.
LaTeX Font Info:    Checking defaults for OMS/cmsy/m/n on input line 43.
LaTeX Font Info:    ... okay on input line 43.
LaTeX Font Info:    Checking defaults for OMX/cmex/m/n on input line 43.
LaTeX Font Info:    ... okay on input line 43.
LaTeX Font Info:    Checking defaults for U/cmr/m/n on input line 43.
LaTeX Font Info:    ... okay on input line 43.
LaTeX Font Info:    Try loading font information for OT1+ptm on input line 43.
 (/usr/local/texlive/2015/texmf-dist/tex/latex/psnfss/ot1ptm.fd
File: ot1ptm.fd 2001/06/04 font definitions for OT1/ptm.
)
*geometry* driver: auto-detecting
*geometry* detected driver: pdftex
*geometry* verbose mode - [ preamble ] result:
* driver: pdftex
* paper: <default>
* layout: <same size as paper>
* layoutoffset:(h,v)=(0.0pt,0.0pt)
* modes: 
* h-part:(L,W,R)=(72.26999pt, 469.75502pt, 72.26999pt)
* v-part:(T,H,B)=(72.26999pt, 650.43001pt, 72.26999pt)
* \paperwidth=614.295pt
* \paperheight=794.96999pt
* \textwidth=469.75502pt
* \textheight=650.43001pt
* \oddsidemargin=0.0pt
* \evensidemargin=0.0pt
* \topmargin=-37.0pt
* \headheight=12.0pt
* \headsep=25.0pt
* \topskip=10.0pt
* \footskip=30.0pt
* \marginparwidth=65.0pt
* \marginparsep=11.0pt
* \columnsep=10.0pt
* \skip\footins=9.0pt plus 4.0pt minus 2.0pt
* \hoffset=0.0pt
* \voffset=0.0pt
* \mag=1000
* \@twocolumnfalse
* \@twosidefalse
* \@mparswitchfalse
* \@reversemarginfalse
* (1in=72.27pt=25.4mm, 1cm=28.453pt)

Package ragged2e Info: ABD: executing \RaggedRight on input line 43.
ABD: EverySelectfont initializing macros
LaTeX Info: Redefining \selectfont on input line 43.
\c@lstlisting=\count102

(/usr/local/texlive/2015/texmf-dist/tex/context/base/supp-pdf.mkii
[Loading MPS to PDF converter (version 2006.09.02).]
\scratchcounter=\count103
\scratchdimen=\dimen125
\scratchbox=\box32
\nofMPsegments=\count104
\nofMParguments=\count105
\everyMPshowfont=\toks22
\MPscratchCnt=\count106
\MPscratchDim=\dimen126
\MPnumerator=\count107
\makeMPintoPDFobject=\count108
\everyMPtoPDFconversion=\toks23
) (/usr/local/texlive/2015/texmf-dist/tex/generic/oberdiek/pdftexcmds.sty
Package: pdftexcmds 2011/11/29 v0.20 Utility functions of pdfTeX for LuaTeX (HO
)

(/usr/local/texlive/2015/texmf-dist/tex/generic/oberdiek/ifluatex.sty
Package: ifluatex 2010/03/01 v1.3 Provides the ifluatex switch (HO)
Package ifluatex Info: LuaTeX not detected.
)
Package pdftexcmds Info: LuaTeX not detected.
Package pdftexcmds Info: \pdf@primitive is available.
Package pdftexcmds Info: \pdf@ifprimitive is available.
Package pdftexcmds Info: \pdfdraftmode found.
)
(/usr/local/texlive/2015/texmf-dist/tex/latex/oberdiek/epstopdf-base.sty
Package: epstopdf-base 2010/02/09 v2.5 Base part for package epstopdf

(/usr/local/texlive/2015/texmf-dist/tex/latex/oberdiek/grfext.sty
Package: grfext 2010/08/19 v1.1 Manage graphics extensions (HO)

(/usr/local/texlive/2015/texmf-dist/tex/generic/oberdiek/kvdefinekeys.sty
Package: kvdefinekeys 2011/04/07 v1.3 Define keys (HO)
))
(/usr/local/texlive/2015/texmf-dist/tex/latex/oberdiek/kvoptions.sty
Package: kvoptions 2011/06/30 v3.11 Key value format for package options (HO)

(/usr/local/texlive/2015/texmf-dist/tex/generic/oberdiek/kvsetkeys.sty
Package: kvsetkeys 2012/04/25 v1.16 Key value parser (HO)

(/usr/local/texlive/2015/texmf-dist/tex/generic/oberdiek/etexcmds.sty
Package: etexcmds 2011/02/16 v1.5 Avoid name clashes with e-TeX commands (HO)
Package etexcmds Info: Could not find \expanded.
(etexcmds)             That can mean that you are not using pdfTeX 1.50 or
(etexcmds)             that some package has redefined \expanded.
(etexcmds)             In the latter case, load this package earlier.
)))
Package grfext Info: Graphics extension search list:
(grfext)             [.png,.pdf,.jpg,.mps,.jpeg,.jbig2,.jb2,.PNG,.PDF,.JPG,.JPE
G,.JBIG2,.JB2,.eps]
(grfext)             \AppendGraphicsExtensions on input line 452.

(/usr/local/texlive/2015/texmf-dist/tex/latex/latexconfig/epstopdf-sys.cfg
File: epstopdf-sys.cfg 2010/07/13 v1.3 Configuration of (r)epstopdf for TeX Liv
e
))
LaTeX Font Info:    External font `cmex10' loaded for size
(Font)              <12> on input line 54.
LaTeX Font Info:    External font `cmex10' loaded for size
(Font)              <8> on input line 54.
LaTeX Font Info:    External font `cmex10' loaded for size
(Font)              <6> on input line 54.

[1

{/usr/local/texlive/2015/texmf-var/fonts/map/pdftex/updmap/pdftex.map}]
LaTeX Font Info:    Font shape `OT1/ptm/bx/n' in size <10> not available
(Font)              Font shape `OT1/ptm/b/n' tried instead on input line 57.
LaTeX Font Info:    External font `cmex10' loaded for size
(Font)              <7> on input line 58.
LaTeX Font Info:    External font `cmex10' loaded for size
(Font)              <5> on input line 58.

[2]
LaTeX Font Info:    Font shape `OT1/ptm/bx/n' in size <14.4> not available
(Font)              Font shape `OT1/ptm/b/n' tried instead on input line 64.
 (./lab5.toc)
\tf@toc=\write3
\openout3 = `lab5.toc'.

 [3]
Missing character: There is no ‚ in font ptmr7t!
Missing character: There is no Ä in font ptmr7t!
Missing character: There is no ô in font ptmr7t!
LaTeX Font Info:    Font shape `OT1/ptm/bx/n' in size <12> not available
(Font)              Font shape `OT1/ptm/b/n' tried instead on input line 82.
 [1]
Overfull \hbox (37.04048pt too wide) in paragraph at lines 92--93
[] []\OT1/ptm/b/n/10 Lab 4[] \OT1/ptm/m/n/10 The ma-jor-ity of lab 4 was fol-lo
w-ing the pro-ce-dures de-tailed in the pro-vided doc-u-ments NIOSII[]hardware[
]tutorial.pdf, 
 []

LaTeX Font Info:    Try loading font information for OMS+ptm on input line 102.

(/usr/local/texlive/2015/texmf-dist/tex/latex/psnfss/omsptm.fd
File: omsptm.fd 
)
LaTeX Font Info:    Font shape `OMS/ptm/m/n' in size <10> not available
(Font)              Font shape `OMS/cmsy/m/n' tried instead on input line 102.
 [2]
Missing character: There is no ‚ in font ptmr7t!
Missing character: There is no Ä in font ptmr7t!
Missing character: There is no ô in font ptmr7t!
 [3]
Missing character: There is no ‚ in font ptmr7t!
Missing character: There is no Ä in font ptmr7t!
Missing character: There is no ú in font ptmr7t!
Missing character: There is no ‚ in font ptmr7t!
Missing character: There is no Ä in font ptmr7t!
Missing character: There is no ù in font ptmr7t!
Missing character: There is no ‚ in font ptmr7t!
Missing character: There is no Ä in font ptmr7t!
Missing character: There is no ò in font ptmr7t!
Missing character: There is no ‚ in font ptmr7t!
Missing character: There is no Ä in font ptmr7t!
Missing character: There is no ô in font ptmr7t!
Missing character: There is no ‚ in font ptmr7t!
Missing character: There is no Ä in font ptmr7t!
Missing character: There is no ò in font ptmr7t!
Missing character: There is no ‚ in font ptmr7t!
Missing character: There is no Ä in font ptmr7t!
Missing character: There is no ô in font ptmr7t!

[4] [5]
Missing character: There is no ‚ in font ptmr7t!
Missing character: There is no Ä in font ptmr7t!
Missing character: There is no ô in font ptmr7t!
Missing character: There is no ‚ in font ptmr7t!
Missing character: There is no Ä in font ptmr7t!
Missing character: There is no ô in font ptmr7t!
 [6]
Missing character: There is no ‚ in font ptmr7t!
Missing character: There is no Ä in font ptmr7t!
Missing character: There is no ú in font ptmr7t!
Missing character: There is no ‚ in font ptmr7t!
Missing character: There is no Ä in font ptmr7t!
Missing character: There is no ù in font ptmr7t!
Missing character: There is no ‚ in font ptmr7t!
Missing character: There is no Ä in font ptmr7t!
Missing character: There is no ô in font ptmr7t!
 [7]
Missing character: There is no ‚ in font ptmr7t!
Missing character: There is no Ä in font ptmr7t!
Missing character: There is no ô in font ptmr7t!

<figures/block_diagrams/counter.jpg, id=38, 2569.6pt x 1927.2pt>
File: figures/block_diagrams/counter.jpg Graphic file (type jpg)

<use figures/block_diagrams/counter.jpg>
Package pdftex.def Info: figures/block_diagrams/counter.jpg used on input line 
307.
(pdftex.def)             Requested size: 352.31625pt x 264.2189pt.

<figures/block_diagrams/counterCtrl.jpg, id=39, 2569.6pt x 1927.2pt>
File: figures/block_diagrams/counterCtrl.jpg Graphic file (type jpg)

<use figures/block_diagrams/counterCtrl.jpg>
Package pdftex.def Info: figures/block_diagrams/counterCtrl.jpg used on input l
ine 314.
(pdftex.def)             Requested size: 352.31625pt x 264.2189pt.
 [8 <./figures/block_diagrams/counter.jpg>] <figures/block_diagrams/scannerStat
e.jpg, id=43, 2569.6pt x 1927.2pt>
File: figures/block_diagrams/scannerState.jpg Graphic file (type jpg)

<use figures/block_diagrams/scannerState.jpg>
Package pdftex.def Info: figures/block_diagrams/scannerState.jpg used on input 
line 321.
(pdftex.def)             Requested size: 352.31625pt x 264.2189pt.

<figures/block_diagrams/scanner.jpg, id=44, 2569.6pt x 1927.2pt>
File: figures/block_diagrams/scanner.jpg Graphic file (type jpg)

<use figures/block_diagrams/scanner.jpg>
Package pdftex.def Info: figures/block_diagrams/scanner.jpg used on input line 
328.
(pdftex.def)             Requested size: 352.31625pt x 264.2189pt.
 [9 <./figures/block_diagrams/counterCtrl.jpg> <./figures/block_diagrams/scanne
rState.jpg>]
<figures/block_diagrams/lab4_overall_blockdiagram.jpg, id=48, 2569.6pt x 1927.2
pt>
File: figures/block_diagrams/lab4_overall_blockdiagram.jpg Graphic file (type j
pg)
 <use figures/block_diagrams/lab4_overall_blockdiagram.jpg>
Package pdftex.def Info: figures/block_diagrams/lab4_overall_blockdiagram.jpg u
sed on input line 335.
(pdftex.def)             Requested size: 352.31625pt x 264.2189pt.

<figures/block_diagrams/lab4_lightsandswitchesmod_blockdiagram.jpg, id=49, 2569
.6pt x 1927.2pt>
File: figures/block_diagrams/lab4_lightsandswitchesmod_blockdiagram.jpg Graphic
 file (type jpg)

<use figures/block_diagrams/lab4_lightsandswitchesmod_blockdiagram.jpg>
Package pdftex.def Info: figures/block_diagrams/lab4_lightsandswitchesmod_block
diagram.jpg used on input line 342.
(pdftex.def)             Requested size: 352.31625pt x 264.2189pt.

[10 <./figures/block_diagrams/scanner.jpg> <./figures/block_diagrams/lab4_overa
ll_blockdiagram.jpg>]
<figures/block_diagrams/lab4_scannerIO_blockdiagram.jpg, id=54, 2569.6pt x 1927
.2pt>
File: figures/block_diagrams/lab4_scannerIO_blockdiagram.jpg Graphic file (type
 jpg)
 <use figures/block_diagrams/lab4_scannerIO_blockdiagram.jpg>
Package pdftex.def Info: figures/block_diagrams/lab4_scannerIO_blockdiagram.jpg
 used on input line 349.
(pdftex.def)             Requested size: 352.31625pt x 264.2189pt.
LaTeX Font Info:    Try loading font information for OT1+pcr on input line 356.


(/usr/local/texlive/2015/texmf-dist/tex/latex/psnfss/ot1pcr.fd
File: ot1pcr.fd 2001/06/04 font definitions for OT1/pcr.
)
(../verilog/scanner/counter.v [11 <./figures/block_diagrams/lab4_lightsandswitc
hesmod_blockdiagram.jpg> <./figures/block_diagrams/lab4_scannerIO_blockdiagram.
jpg>] [12]) (../verilog/scanner/counter_testbench.v [13])
(../verilog/scanner/scannerState.v [14])
(../verilog/scanner/scannerState_testbench.v [15])
(../verilog/scanner/dataBuffer.v [16]) [17]
(../verilog/scanner/dataBuffer_testbench.v [18]) (../verilog/scanner/scanner.v
[19]) (../verilog/scanner/scanner_testbench.v [20] [21] [22] [23] [24])
(../verilog/scanner/lab4_scannerIO.v [25] [26])
(/usr/local/texlive/2015/texmf-dist/tex/latex/listings/lstlang1.sty
File: lstlang1.sty 2014/09/06 1.5e listings language file
)
(/usr/local/texlive/2015/texmf-dist/tex/latex/listings/lstmisc.sty
File: lstmisc.sty 2014/09/06 1.5e (Carsten Heinz)
)
(../software/count_binary.c [27] [28] [29] [30] [31] [32] [33] [34])
(../software/lights_and_switches.c) (../software/lights_and_switches_mod.c
[35]) (../software/scannerIO.c [36])
<figures/gtkwave/counter_gtkwave.png, id=138, 804.00375pt x 153.57375pt>
File: figures/gtkwave/counter_gtkwave.png Graphic file (type png)

<use figures/gtkwave/counter_gtkwave.png>
Package pdftex.def Info: figures/gtkwave/counter_gtkwave.png used on input line
 391.
(pdftex.def)             Requested size: 352.31625pt x 67.29613pt.

<figures/gtkwave/counterCtrl_gtkwave.png, id=140, 687.56876pt x 126.4725pt>
File: figures/gtkwave/counterCtrl_gtkwave.png Graphic file (type png)

<use figures/gtkwave/counterCtrl_gtkwave.png>
Package pdftex.def Info: figures/gtkwave/counterCtrl_gtkwave.png used on input 
line 399.
(pdftex.def)             Requested size: 352.31625pt x 64.80502pt.
 [37 <./figures/gtkwave/counter_gtkwave.png>]
<figures/gtkwave/scannerState_gtkwave.png, id=145, 851.18pt x 235.88126pt>
File: figures/gtkwave/scannerState_gtkwave.png Graphic file (type png)

<use figures/gtkwave/scannerState_gtkwave.png>
Package pdftex.def Info: figures/gtkwave/scannerState_gtkwave.png used on input
 line 407.
(pdftex.def)             Requested size: 352.31625pt x 97.63695pt.

<figures/gtkwave/scanner_gtkwave.png, id=146, 783.92876pt x 323.2075pt>
File: figures/gtkwave/scanner_gtkwave.png Graphic file (type png)

<use figures/gtkwave/scanner_gtkwave.png>
Package pdftex.def Info: figures/gtkwave/scanner_gtkwave.png used on input line
 415.
(pdftex.def)             Requested size: 352.31625pt x 145.25955pt.

<figures/gtkwave/overall_gtkwave.png, id=147, 1066.98625pt x 256.96pt>
File: figures/gtkwave/overall_gtkwave.png Graphic file (type png)

<use figures/gtkwave/overall_gtkwave.png>
Package pdftex.def Info: figures/gtkwave/overall_gtkwave.png used on input line
 423.
(pdftex.def)             Requested size: 352.31625pt x 84.84802pt.

<figures/countbinary_output.png, id=148, 452.69125pt x 135.50626pt>
File: figures/countbinary_output.png Graphic file (type png)

<use figures/countbinary_output.png>
Package pdftex.def Info: figures/countbinary_output.png used on input line 431.

(pdftex.def)             Requested size: 352.31625pt x 105.46078pt.
 [38 <./figures/gtkwave/counterCtrl_gtkwave.png> <./figures/gtkwave/scannerStat
e_gtkwave.png> <./figures/gtkwave/scanner_gtkwave.png> <./figures/gtkwave/overa
ll_gtkwave.png>]
<figures/qsys_generate.png, id=156, 567.11874pt x 419.5675pt>
File: figures/qsys_generate.png Graphic file (type png)

<use figures/qsys_generate.png>
Package pdftex.def Info: figures/qsys_generate.png used on input line 438.
(pdftex.def)             Requested size: 352.31625pt x 260.66052pt.

<figures/block_diagrams/SPS_interface_blockdiagram.png, id=157, 901.3675pt x 77
7.90625pt>
File: figures/block_diagrams/SPS_interface_blockdiagram.png Graphic file (type 
png)
 <use figures/block_diagrams/SPS_interface_blockdiagram.png>
Package pdftex.def Info: figures/block_diagrams/SPS_interface_blockdiagram.png 
used on input line 447.
(pdftex.def)             Requested size: 352.31625pt x 304.05879pt.
 [39 <./figures/countbinary_output.png> <./figures/qsys_generate.png>]
<figures/block_diagrams/spShiftReg_blockdiagram.jpg, id=163, 553.31718pt x 330.
48468pt>
File: figures/block_diagrams/spShiftReg_blockdiagram.jpg Graphic file (type jpg
)
 <use figures/block_diagrams/spShiftReg_blockdiagram.jpg>
Package pdftex.def Info: figures/block_diagrams/spShiftReg_blockdiagram.jpg use
d on input line 454.
(pdftex.def)             Requested size: 352.31625pt x 210.43031pt.

<figures/block_diagrams/overall_blockdiagram.jpg, id=164, 2569.6pt x 1927.2pt>
File: figures/block_diagrams/overall_blockdiagram.jpg Graphic file (type jpg)

<use figures/block_diagrams/overall_blockdiagram.jpg>
Package pdftex.def Info: figures/block_diagrams/overall_blockdiagram.jpg used o
n input line 461.
(pdftex.def)             Requested size: 352.31625pt x 264.2189pt.
 [40 <./figures/block_diagrams/SPS_interface_blockdiagram.png> <./figures/block
_diagrams/spShiftReg_blockdiagram.jpg>] (../verilog/SPS_interface/bsc.v)
(../verilog/SPS_interface/bsc_testbench.v [41 <./figures/block_diagrams/overall
_blockdiagram.jpg>]) (../verilog/SPS_interface/bic.v [42])
(../verilog/SPS_interface/bic_testbench.v)
(../verilog/SPS_interface/bitCounter.v [43])
(../verilog/SPS_interface/bitCounter_testbench.v [44] [45] [46])
(../verilog/SPS_interface/psShiftReg.v [47])
(../verilog/SPS_interface/psShiftReg_testbench.v [48])
(../verilog/SPS_interface/spShiftReg.v)
(../verilog/SPS_interface/spShiftReg_testbench.v [49])
(../verilog/SPS_interface/PISO.v) (../verilog/SPS_interface/PISO_testbench.v
[50] [51] [52]) (../verilog/SPS_interface/SIPO.v [53])
(../verilog/SPS_interface/SIPO_testbench.v [54] [55] [56])
(../verilog/SPS_interface/SPS_interface.v [57])
(../verilog/SPS_interface/SPS_interface_testbench.v [58] [59])
(../verilog/overall.v [60]) (../verilog/displayToHex.v [61])
(../verilog/displayToHex_testbench.v) (../software/hello_world_small.c [62]
[63] [64]) (../software/smoke_test.c [65])
<figures/gtkwave/bsc_gtkwave.png, id=250, 877.2775pt x 155.58125pt>
File: figures/gtkwave/bsc_gtkwave.png Graphic file (type png)

<use figures/gtkwave/bsc_gtkwave.png>
Package pdftex.def Info: figures/gtkwave/bsc_gtkwave.png used on input line 517
.
(pdftex.def)             Requested size: 352.31625pt x 62.48303pt.

<figures/gtkwave/bic_gtkwave.png, id=251, 880.28876pt x 167.62625pt>
File: figures/gtkwave/bic_gtkwave.png Graphic file (type png)

<use figures/gtkwave/bic_gtkwave.png>
Package pdftex.def Info: figures/gtkwave/bic_gtkwave.png used on input line 525
.
(pdftex.def)             Requested size: 352.31625pt x 67.08766pt.

<figures/gtkwave/bitCounter_gtkwave.png, id=252, 894.34125pt x 174.6525pt>
File: figures/gtkwave/bitCounter_gtkwave.png Graphic file (type png)

<use figures/gtkwave/bitCounter_gtkwave.png>
Package pdftex.def Info: figures/gtkwave/bitCounter_gtkwave.png used on input l
ine 533.
(pdftex.def)             Requested size: 352.31625pt x 68.80443pt.
 [66 <./figures/gtkwave/bsc_gtkwave.png> <./figures/gtkwave/bic_gtkwave.png>]
<figures/gtkwave/psShiftReg_gtkwave.png, id=258, 862.22125pt x 195.73125pt>
File: figures/gtkwave/psShiftReg_gtkwave.png Graphic file (type png)

<use figures/gtkwave/psShiftReg_gtkwave.png>
Package pdftex.def Info: figures/gtkwave/psShiftReg_gtkwave.png used on input l
ine 541.
(pdftex.def)             Requested size: 352.31625pt x 79.97853pt.

<figures/gtkwave/spShiftReg_gtkwave.png, id=259, 871.255pt x 156.585pt>
File: figures/gtkwave/spShiftReg_gtkwave.png Graphic file (type png)

<use figures/gtkwave/spShiftReg_gtkwave.png>
Package pdftex.def Info: figures/gtkwave/spShiftReg_gtkwave.png used on input l
ine 549.
(pdftex.def)             Requested size: 352.31625pt x 63.3186pt.

<figures/gtkwave/PISO_gtkwave.png, id=260, 769.87625pt x 215.80624pt>
File: figures/gtkwave/PISO_gtkwave.png Graphic file (type png)

<use figures/gtkwave/PISO_gtkwave.png>
Package pdftex.def Info: figures/gtkwave/PISO_gtkwave.png used on input line 55
7.
(pdftex.def)             Requested size: 352.31625pt x 98.76166pt.

<figures/gtkwave/SIPO_gtkwave.png, id=261, 858.20625pt x 200.75pt>
File: figures/gtkwave/SIPO_gtkwave.png Graphic file (type png)

<use figures/gtkwave/SIPO_gtkwave.png>
Package pdftex.def Info: figures/gtkwave/SIPO_gtkwave.png used on input line 56
5.
(pdftex.def)             Requested size: 352.31625pt x 82.41217pt.

<figures/gtkwave/SPS_interface_gtkwave.png, id=262, 996.72375pt x 262.9825pt>
File: figures/gtkwave/SPS_interface_gtkwave.png Graphic file (type png)

<use figures/gtkwave/SPS_interface_gtkwave.png>
Package pdftex.def Info: figures/gtkwave/SPS_interface_gtkwave.png used on inpu
t line 573.
(pdftex.def)             Requested size: 352.31625pt x 92.95615pt.
 [67 <./figures/gtkwave/bitCounter_gtkwave.png> <./figures/gtkwave/psShiftReg_g
tkwave.png> <./figures/gtkwave/spShiftReg_gtkwave.png> <./figures/gtkwave/PISO_
gtkwave.png> <./figures/gtkwave/SIPO_gtkwave.png>] [68 <./figures/gtkwave/SPS_i
nterface_gtkwave.png>]
(./lab5.aux) ) 
Here is how much of TeX's memory you used:
 5181 strings out of 493089
 79727 string characters out of 6134842
 281432 words of memory out of 5000000
 8455 multiletter control sequences out of 15000+600000
 19222 words of font info for 41 fonts, out of 8000000 for 9000
 1141 hyphenation exceptions out of 8191
 37i,8n,52p,1053b,1730s stack positions out of 5000i,500n,10000p,200000b,80000s
{/usr/local/texlive/2015/texmf-dist/fonts/enc/dvips/base/8r.enc}<
/usr/local/texlive/2015/texmf-dist/fonts/type1/public/amsfonts/cm/cmsy10.pfb></
usr/local/texlive/2015/texmf-dist/fonts/type1/urw/courier/ucrr8a.pfb></usr/loca
l/texlive/2015/texmf-dist/fonts/type1/urw/times/utmb8a.pfb></usr/local/texlive/
2015/texmf-dist/fonts/type1/urw/times/utmr8a.pfb></usr/local/texlive/2015/texmf
-dist/fonts/type1/urw/times/utmri8a.pfb>
Output written on lab5.pdf (71 pages, 9431611 bytes).
PDF statistics:
 296 PDF objects out of 1000 (max. 8388607)
 175 compressed objects within 2 object streams
 0 named destinations out of 1000 (max. 500000)
 126 words of extra memory for PDF output out of 10000 (max. 10000000)

