#! /usr/local/Cellar/icarus-verilog/10.0/bin/vvp
:ivl_version "10.0 (stable)" "(v10_0)";
:ivl_delay_selection "TYPICAL";
:vpi_time_precision + 0;
:vpi_module "system";
:vpi_module "vhdl_sys";
:vpi_module "v2005_math";
:vpi_module "va_math";
S_0x7fca68503cf0 .scope module, "testBench" "testBench" 2 4;
 .timescale 0 0;
v0x7fca68517280_0 .net "X", 1 0, v0x7fca68516bd0_0;  1 drivers
v0x7fca68517370_0 .net "XandY", 1 0, L_0x7fca685175e0;  1 drivers
v0x7fca68517440_0 .net "XorY", 1 0, L_0x7fca68517650;  1 drivers
v0x7fca68517510_0 .net "Y", 1 0, v0x7fca68516c60_0;  1 drivers
S_0x7fca68500bf0 .scope module, "aTester" "Tester" 2 13, 2 24 0, S_0x7fca68503cf0;
 .timescale 0 0;
    .port_info 0 /OUTPUT 2 "xOut"
    .port_info 1 /OUTPUT 2 "yOut"
    .port_info 2 /INPUT 2 "XandYin"
    .port_info 3 /INPUT 2 "XorYin"
P_0x7fca68502560 .param/l "stimDelay" 0 2 29, +C4<00000000000000000000000000010100>;
v0x7fca68506e30_0 .net "XandYin", 1 0, L_0x7fca685175e0;  alias, 1 drivers
v0x7fca68516b30_0 .net "XorYin", 1 0, L_0x7fca68517650;  alias, 1 drivers
v0x7fca68516bd0_0 .var "xOut", 1 0;
v0x7fca68516c60_0 .var "yOut", 1 0;
S_0x7fca68516d30 .scope module, "myAndOr" "AndOr" 2 10, 3 3 0, S_0x7fca68503cf0;
 .timescale 0 0;
    .port_info 0 /OUTPUT 2 "AandB"
    .port_info 1 /OUTPUT 2 "AorB"
    .port_info 2 /INPUT 2 "A"
    .port_info 3 /INPUT 2 "B"
L_0x7fca685175e0 .functor AND 2, v0x7fca68516bd0_0, v0x7fca68516c60_0, C4<11>, C4<11>;
L_0x7fca68517650 .functor OR 2, v0x7fca68516bd0_0, v0x7fca68516c60_0, C4<00>, C4<00>;
v0x7fca68516f50_0 .net "A", 1 0, v0x7fca68516bd0_0;  alias, 1 drivers
v0x7fca68517010_0 .net "AandB", 1 0, L_0x7fca685175e0;  alias, 1 drivers
v0x7fca685170c0_0 .net "AorB", 1 0, L_0x7fca68517650;  alias, 1 drivers
v0x7fca68517190_0 .net "B", 1 0, v0x7fca68516c60_0;  alias, 1 drivers
    .scope S_0x7fca68500bf0;
T_0 ;
    %vpi_call 2 33 "$display", "\011\011 xOut yOut \011 XandYin XorYin \011 Time" {0 0 0};
    %vpi_call 2 34 "$monitor", "\011\011 %b\011 %b \011 %b \011 %b", v0x7fca68516bd0_0, v0x7fca68516c60_0, v0x7fca68506e30_0, v0x7fca68516b30_0, $time {0 0 0};
    %end;
    .thread T_0;
    .scope S_0x7fca68500bf0;
T_1 ;
    %pushi/vec4 0, 0, 2;
    %store/vec4 v0x7fca68516bd0_0, 0, 2;
    %pushi/vec4 2, 0, 2;
    %store/vec4 v0x7fca68516c60_0, 0, 2;
    %delay 20, 0;
    %pushi/vec4 2, 0, 2;
    %store/vec4 v0x7fca68516bd0_0, 0, 2;
    %delay 20, 0;
    %pushi/vec4 1, 0, 2;
    %store/vec4 v0x7fca68516c60_0, 0, 2;
    %delay 20, 0;
    %pushi/vec4 3, 0, 2;
    %store/vec4 v0x7fca68516bd0_0, 0, 2;
    %delay 40, 0;
    %vpi_call 2 45 "$finish" {0 0 0};
    %end;
    .thread T_1;
    .scope S_0x7fca68503cf0;
T_2 ;
    %vpi_call 2 19 "$dumpfile", "andor0.vcd" {0 0 0};
    %vpi_call 2 20 "$dumpvars", 32'sb00000000000000000000000000000001, S_0x7fca68516d30 {0 0 0};
    %end;
    .thread T_2;
# The file index is used to find the file name in the following table.
:file_names 4;
    "N/A";
    "<interactive>";
    "andorTop0.v";
    "./andOr0.v";
