18:44:07 **** Incremental Build of configuration Nios II for project hello_world_small ****
make all 
Info: Building ../hello_world_small_bsp/
C:/altera/16.0/nios2eds/bin/gnu/H-x86_64-mingw32/bin/make --no-print-directory -C ../hello_world_small_bsp/
[BSP build complete]
Info: Compiling hello_world_small.c to obj/default/hello_world_small.o
nios2-elf-gcc -xc -MP -MMD -c -I../hello_world_small_bsp//HAL/inc -I../hello_world_small_bsp/ -I../hello_world_small_bsp//drivers/inc  -pipe -D__hal__ -DALT_NO_C_PLUS_PLUS -DALT_NO_CLEAN_EXIT -D'exit(a)=_exit(a)' -DALT_NO_EXIT -DALT_USE_DIRECT_DRIVERS -DALT_NO_INSTRUCTION_EMULATION -DALT_USE_SMALL_DRIVERS -DSMALL_C_LIB -DALT_SINGLE_THREADED    -Os -g -Wall   -mno-hw-div -mno-hw-mul -mno-hw-mulx  -o obj/default/hello_world_small.o hello_world_small.c
Info: Linking hello_world_small.elf
nios2-elf-g++  -T'../hello_world_small_bsp//linker.x' -msys-crt0='../hello_world_small_bsp//obj/HAL/src/crt0.o' -msys-lib=hal_bsp -L../hello_world_small_bsp/  -msmallc  -Wl,-Map=hello_world_small.map   -Os -g -Wall   -mno-hw-div -mno-hw-mul -mno-hw-mulx  -o hello_world_small.elf obj/default/hello_world_small.o -lm -msys-lib=m
nios2-elf-insert hello_world_small.elf --thread_model hal --cpu_name nios2_processor --qsys true --simulation_enabled false --stderr_dev jtag_uart --stdin_dev jtag_uart --stdout_dev jtag_uart --sopc_system_name nios2 --quartus_project_dir "C:/lights_and_switches" --jdi ../..//output_files/lights_and_switches.jdi --sopcinfo C:/lights_and_switches/software/hello_world_small_bsp/../../nios2.sopcinfo
Info: (hello_world_small.elf) 944 Bytes program size (code + initialized data).
Info:                         7136 Bytes free for stack + heap.
Info: Creating hello_world_small.objdump
nios2-elf-objdump --disassemble --syms --all-header --source hello_world_small.elf >hello_world_small.objdump
[hello_world_small build complete]
18:44:12 **** Build of configuration Nios II for project hello_world_small ****
make all 
Info: Building ../hello_world_small_bsp/
C:/altera/16.0/nios2eds/bin/gnu/H-x86_64-mingw32/bin/make --no-print-directory -C ../hello_world_small_bsp/
[BSP build complete]
[hello_world_small build complete]
18:44:13 **** Incremental Build of configuration Nios II for project hello_world_small ****
make all 
Info: Building ../hello_world_small_bsp/
C:/altera/16.0/nios2eds/bin/gnu/H-x86_64-mingw32/bin/make --no-print-directory -C ../hello_world_small_bsp/
[BSP build complete]
[hello_world_small build complete]
