This is pdfTeX, Version 3.14159265-2.6-1.40.16 (TeX Live 2015) (preloaded format=pdflatex 2015.5.24)  2 NOV 2016 17:31
entering extended mode
 restricted \write18 enabled.
 %&-line parsing enabled.
**lab2.tex
(./lab2.tex
LaTeX2e <2015/01/01>
Babel <3.9l> and hyphenation patterns for 79 languages loaded.
(/usr/local/texlive/2015/texmf-dist/tex/latex/base/article.cls
Document Class: article 2014/09/29 v1.4h Standard LaTeX document class
(/usr/local/texlive/2015/texmf-dist/tex/latex/base/size10.clo
File: size10.clo 2014/09/29 v1.4h Standard LaTeX file (size option)
)
\c@part=\count79
\c@section=\count80
\c@subsection=\count81
\c@subsubsection=\count82
\c@paragraph=\count83
\c@subparagraph=\count84
\c@figure=\count85
\c@table=\count86
\abovecaptionskip=\skip41
\belowcaptionskip=\skip42
\bibindent=\dimen102
)
(/usr/local/texlive/2015/texmf-dist/tex/latex/geometry/geometry.sty
Package: geometry 2010/09/12 v5.6 Page Geometry

(/usr/local/texlive/2015/texmf-dist/tex/latex/graphics/keyval.sty
Package: keyval 2014/10/28 v1.15 key=value parser (DPC)
\KV@toks@=\toks14
)
(/usr/local/texlive/2015/texmf-dist/tex/generic/oberdiek/ifpdf.sty
Package: ifpdf 2011/01/30 v2.3 Provides the ifpdf switch (HO)
Package ifpdf Info: pdfTeX in PDF mode is detected.
)
(/usr/local/texlive/2015/texmf-dist/tex/generic/oberdiek/ifvtex.sty
Package: ifvtex 2010/03/01 v1.5 Detect VTeX and its facilities (HO)
Package ifvtex Info: VTeX not detected.
)
(/usr/local/texlive/2015/texmf-dist/tex/generic/ifxetex/ifxetex.sty
Package: ifxetex 2010/09/12 v0.6 Provides ifxetex conditional
)
\Gm@cnth=\count87
\Gm@cntv=\count88
\c@Gm@tempcnt=\count89
\Gm@bindingoffset=\dimen103
\Gm@wd@mp=\dimen104
\Gm@odd@mp=\dimen105
\Gm@even@mp=\dimen106
\Gm@layoutwidth=\dimen107
\Gm@layoutheight=\dimen108
\Gm@layouthoffset=\dimen109
\Gm@layoutvoffset=\dimen110
\Gm@dimlist=\toks15
)
(/usr/local/texlive/2015/texmf-dist/tex/latex/ms/ragged2e.sty
Package: ragged2e 2009/05/21 v2.1 ragged2e Package (MS)

(/usr/local/texlive/2015/texmf-dist/tex/latex/ms/everysel.sty
Package: everysel 2011/10/28 v1.2 EverySelectfont Package (MS)
)
(/usr/local/texlive/2015/texmf-dist/tex/latex/footmisc/footmisc.sty
Package: footmisc 2011/06/06 v5.5b a miscellany of footnote facilities
\FN@temptoken=\toks16
\footnotemargin=\dimen111
\c@pp@next@reset=\count90
Package footmisc Info: Declaring symbol style bringhurst on input line 855.
Package footmisc Info: Declaring symbol style chicago on input line 863.
Package footmisc Info: Declaring symbol style wiley on input line 872.
Package footmisc Info: Declaring symbol style lamport-robust on input line 883.

Package footmisc Info: Declaring symbol style lamport* on input line 903.
Package footmisc Info: Declaring symbol style lamport*-robust on input line 924
.
)
\CenteringLeftskip=\skip43
\RaggedLeftLeftskip=\skip44
\RaggedRightLeftskip=\skip45
\CenteringRightskip=\skip46
\RaggedLeftRightskip=\skip47
\RaggedRightRightskip=\skip48
\CenteringParfillskip=\skip49
\RaggedLeftParfillskip=\skip50
\RaggedRightParfillskip=\skip51
\JustifyingParfillskip=\skip52
\CenteringParindent=\skip53
\RaggedLeftParindent=\skip54
\RaggedRightParindent=\skip55
\JustifyingParindent=\skip56
)
(/usr/local/texlive/2015/texmf-dist/tex/latex/psnfss/times.sty
Package: times 2005/04/12 PSNFSS-v9.2a (SPQR) 
)
(/usr/local/texlive/2015/texmf-dist/tex/latex/titlesec/titlesec.sty
Package: titlesec 2011/12/15 v2.10.0 Sectioning titles
\ttl@box=\box26
\beforetitleunit=\skip57
\aftertitleunit=\skip58
\ttl@plus=\dimen112
\ttl@minus=\dimen113
\ttl@toksa=\toks17
\titlewidth=\dimen114
\titlewidthlast=\dimen115
\titlewidthfirst=\dimen116
)
(/usr/local/texlive/2015/texmf-dist/tex/latex/listings/listings.sty
\lst@mode=\count91
\lst@gtempboxa=\box27
\lst@token=\toks18
\lst@length=\count92
\lst@currlwidth=\dimen117
\lst@column=\count93
\lst@pos=\count94
\lst@lostspace=\dimen118
\lst@width=\dimen119
\lst@newlines=\count95
\lst@lineno=\count96
\lst@maxwidth=\dimen120

(/usr/local/texlive/2015/texmf-dist/tex/latex/listings/lstmisc.sty
File: lstmisc.sty 2014/09/06 1.5e (Carsten Heinz)
\c@lstnumber=\count97
\lst@skipnumbers=\count98
\lst@framebox=\box28
)
(/usr/local/texlive/2015/texmf-dist/tex/latex/listings/listings.cfg
File: listings.cfg 2014/09/06 1.5e listings configuration
))
Package: listings 2014/09/06 1.5e (Carsten Heinz)

(/usr/local/texlive/2015/texmf-dist/tex/latex/graphics/color.sty
Package: color 2014/10/28 v1.1a Standard LaTeX Color (DPC)

(/usr/local/texlive/2015/texmf-dist/tex/latex/latexconfig/color.cfg
File: color.cfg 2007/01/18 v1.5 color configuration of teTeX/TeXLive
)
Package color Info: Driver file: pdftex.def on input line 142.

(/usr/local/texlive/2015/texmf-dist/tex/latex/pdftex-def/pdftex.def
File: pdftex.def 2011/05/27 v0.06d Graphics/color for pdfTeX

(/usr/local/texlive/2015/texmf-dist/tex/generic/oberdiek/infwarerr.sty
Package: infwarerr 2010/04/08 v1.3 Providing info/warning/error messages (HO)
)
(/usr/local/texlive/2015/texmf-dist/tex/generic/oberdiek/ltxcmds.sty
Package: ltxcmds 2011/11/09 v1.22 LaTeX kernel commands for general use (HO)
)
\Gread@gobject=\count99
))
(/usr/local/texlive/2015/texmf-dist/tex/latex/graphics/graphicx.sty
Package: graphicx 2014/10/28 v1.0g Enhanced LaTeX Graphics (DPC,SPQR)

(/usr/local/texlive/2015/texmf-dist/tex/latex/graphics/graphics.sty
Package: graphics 2014/10/28 v1.0p Standard LaTeX Graphics (DPC,SPQR)

(/usr/local/texlive/2015/texmf-dist/tex/latex/graphics/trig.sty
Package: trig 1999/03/16 v1.09 sin cos tan (DPC)
)
(/usr/local/texlive/2015/texmf-dist/tex/latex/latexconfig/graphics.cfg
File: graphics.cfg 2010/04/23 v1.9 graphics configuration of TeX Live
)
Package graphics Info: Driver file: pdftex.def on input line 94.
)
\Gin@req@height=\dimen121
\Gin@req@width=\dimen122
)
(/usr/local/texlive/2015/texmf-dist/tex/latex/float/float.sty
Package: float 2001/11/08 v1.3d Float enhancements (AL)
\c@float@type=\count100
\float@exts=\toks19
\float@box=\box29
\@float@everytoks=\toks20
\@floatcapt=\box30
)
(/usr/local/texlive/2015/texmf-dist/tex/latex/wrapfig/wrapfig.sty
\wrapoverhang=\dimen123
\WF@size=\dimen124
\c@WF@wrappedlines=\count101
\WF@box=\box31
\WF@everypar=\toks21
Package: wrapfig 2003/01/31  v 3.6
)
(/usr/local/texlive/2015/texmf-dist/tex/latex/listings/lstlang1.sty
File: lstlang1.sty 2014/09/06 1.5e listings language file
)
(/usr/local/texlive/2015/texmf-dist/tex/latex/listings/lstlang2.sty
File: lstlang2.sty 2014/09/06 1.5e listings language file
)
(/usr/local/texlive/2015/texmf-dist/tex/latex/listings/lstlang3.sty
File: lstlang3.sty 2014/09/06 1.5e listings language file
)
(./lab2.aux)
\openout1 = `lab2.aux'.

LaTeX Font Info:    Checking defaults for OML/cmm/m/it on input line 45.
LaTeX Font Info:    ... okay on input line 45.
LaTeX Font Info:    Checking defaults for T1/cmr/m/n on input line 45.
LaTeX Font Info:    ... okay on input line 45.
LaTeX Font Info:    Checking defaults for OT1/cmr/m/n on input line 45.
LaTeX Font Info:    ... okay on input line 45.
LaTeX Font Info:    Checking defaults for OMS/cmsy/m/n on input line 45.
LaTeX Font Info:    ... okay on input line 45.
LaTeX Font Info:    Checking defaults for OMX/cmex/m/n on input line 45.
LaTeX Font Info:    ... okay on input line 45.
LaTeX Font Info:    Checking defaults for U/cmr/m/n on input line 45.
LaTeX Font Info:    ... okay on input line 45.
LaTeX Font Info:    Try loading font information for OT1+ptm on input line 45.
 (/usr/local/texlive/2015/texmf-dist/tex/latex/psnfss/ot1ptm.fd
File: ot1ptm.fd 2001/06/04 font definitions for OT1/ptm.
)
*geometry* driver: auto-detecting
*geometry* detected driver: pdftex
*geometry* verbose mode - [ preamble ] result:
* driver: pdftex
* paper: <default>
* layout: <same size as paper>
* layoutoffset:(h,v)=(0.0pt,0.0pt)
* modes: 
* h-part:(L,W,R)=(72.26999pt, 469.75502pt, 72.26999pt)
* v-part:(T,H,B)=(72.26999pt, 650.43001pt, 72.26999pt)
* \paperwidth=614.295pt
* \paperheight=794.96999pt
* \textwidth=469.75502pt
* \textheight=650.43001pt
* \oddsidemargin=0.0pt
* \evensidemargin=0.0pt
* \topmargin=-37.0pt
* \headheight=12.0pt
* \headsep=25.0pt
* \topskip=10.0pt
* \footskip=30.0pt
* \marginparwidth=65.0pt
* \marginparsep=11.0pt
* \columnsep=10.0pt
* \skip\footins=9.0pt plus 4.0pt minus 2.0pt
* \hoffset=0.0pt
* \voffset=0.0pt
* \mag=1000
* \@twocolumnfalse
* \@twosidefalse
* \@mparswitchfalse
* \@reversemarginfalse
* (1in=72.27pt=25.4mm, 1cm=28.453pt)

Package ragged2e Info: ABD: executing \RaggedRight on input line 45.
ABD: EverySelectfont initializing macros
LaTeX Info: Redefining \selectfont on input line 45.
\c@lstlisting=\count102

(/usr/local/texlive/2015/texmf-dist/tex/context/base/supp-pdf.mkii
[Loading MPS to PDF converter (version 2006.09.02).]
\scratchcounter=\count103
\scratchdimen=\dimen125
\scratchbox=\box32
\nofMPsegments=\count104
\nofMParguments=\count105
\everyMPshowfont=\toks22
\MPscratchCnt=\count106
\MPscratchDim=\dimen126
\MPnumerator=\count107
\makeMPintoPDFobject=\count108
\everyMPtoPDFconversion=\toks23
) (/usr/local/texlive/2015/texmf-dist/tex/generic/oberdiek/pdftexcmds.sty
Package: pdftexcmds 2011/11/29 v0.20 Utility functions of pdfTeX for LuaTeX (HO
)

(/usr/local/texlive/2015/texmf-dist/tex/generic/oberdiek/ifluatex.sty
Package: ifluatex 2010/03/01 v1.3 Provides the ifluatex switch (HO)
Package ifluatex Info: LuaTeX not detected.
)
Package pdftexcmds Info: LuaTeX not detected.
Package pdftexcmds Info: \pdf@primitive is available.
Package pdftexcmds Info: \pdf@ifprimitive is available.
Package pdftexcmds Info: \pdfdraftmode found.
)
(/usr/local/texlive/2015/texmf-dist/tex/latex/oberdiek/epstopdf-base.sty
Package: epstopdf-base 2010/02/09 v2.5 Base part for package epstopdf

(/usr/local/texlive/2015/texmf-dist/tex/latex/oberdiek/grfext.sty
Package: grfext 2010/08/19 v1.1 Manage graphics extensions (HO)

(/usr/local/texlive/2015/texmf-dist/tex/generic/oberdiek/kvdefinekeys.sty
Package: kvdefinekeys 2011/04/07 v1.3 Define keys (HO)
))
(/usr/local/texlive/2015/texmf-dist/tex/latex/oberdiek/kvoptions.sty
Package: kvoptions 2011/06/30 v3.11 Key value format for package options (HO)

(/usr/local/texlive/2015/texmf-dist/tex/generic/oberdiek/kvsetkeys.sty
Package: kvsetkeys 2012/04/25 v1.16 Key value parser (HO)

(/usr/local/texlive/2015/texmf-dist/tex/generic/oberdiek/etexcmds.sty
Package: etexcmds 2011/02/16 v1.5 Avoid name clashes with e-TeX commands (HO)
Package etexcmds Info: Could not find \expanded.
(etexcmds)             That can mean that you are not using pdfTeX 1.50 or
(etexcmds)             that some package has redefined \expanded.
(etexcmds)             In the latter case, load this package earlier.
)))
Package grfext Info: Graphics extension search list:
(grfext)             [.png,.pdf,.jpg,.mps,.jpeg,.jbig2,.jb2,.PNG,.PDF,.JPG,.JPE
G,.JBIG2,.JB2,.eps]
(grfext)             \AppendGraphicsExtensions on input line 452.

(/usr/local/texlive/2015/texmf-dist/tex/latex/latexconfig/epstopdf-sys.cfg
File: epstopdf-sys.cfg 2010/07/13 v1.3 Configuration of (r)epstopdf for TeX Liv
e
))
LaTeX Font Info:    External font `cmex10' loaded for size
(Font)              <12> on input line 56.
LaTeX Font Info:    External font `cmex10' loaded for size
(Font)              <8> on input line 56.
LaTeX Font Info:    External font `cmex10' loaded for size
(Font)              <6> on input line 56.

[1

{/usr/local/texlive/2015/texmf-var/fonts/map/pdftex/updmap/pdftex.map}]
LaTeX Font Info:    Font shape `OT1/ptm/bx/n' in size <10> not available
(Font)              Font shape `OT1/ptm/b/n' tried instead on input line 59.
LaTeX Font Info:    External font `cmex10' loaded for size
(Font)              <7> on input line 60.
LaTeX Font Info:    External font `cmex10' loaded for size
(Font)              <5> on input line 60.

[2]
LaTeX Font Info:    Font shape `OT1/ptm/bx/n' in size <14.4> not available
(Font)              Font shape `OT1/ptm/b/n' tried instead on input line 64.
 (./lab2.toc)
\tf@toc=\write3
\openout3 = `lab2.toc'.

 [3]
LaTeX Font Info:    Font shape `OT1/ptm/bx/n' in size <12> not available
(Font)              Font shape `OT1/ptm/b/n' tried instead on input line 78.

Overfull \hbox (13.03903pt too wide) in paragraph at lines 82--83
\OT1/ptm/m/n/10 wa-ter lev-els. Upon ar-rival, the gon-dola must sig-nal the lo
ck to ini-ti-ate the pro-cess, en-ter the lock, wait as it is raised/low- 
 []

LaTeX Font Info:    Try loading font information for OMS+ptm on input line 87.
(/usr/local/texlive/2015/texmf-dist/tex/latex/psnfss/omsptm.fd
File: omsptm.fd 
)
LaTeX Font Info:    Font shape `OMS/ptm/m/n' in size <10> not available
(Font)              Font shape `OMS/cmsy/m/n' tried instead on input line 87.
 [1] [2]
<figures/functional_flowchart.jpeg, id=22, 3129.6925pt x 2975.115pt>
File: figures/functional_flowchart.jpeg Graphic file (type jpg)

<use figures/functional_flowchart.jpeg>
Package pdftex.def Info: figures/functional_flowchart.jpeg used on input line 1
99.
(pdftex.def)             Requested size: 352.31625pt x 334.89029pt.
 [3]
<figures/functional_blockdiagram.jpeg, id=28, 4140.46875pt x 2043.635pt>
File: figures/functional_blockdiagram.jpeg Graphic file (type jpg)

<use figures/functional_blockdiagram.jpeg>
Package pdftex.def Info: figures/functional_blockdiagram.jpeg used on input lin
e 207.
(pdftex.def)             Requested size: 352.31625pt x 173.87819pt.
 [4 <./figures/functional_flowchart.jpeg> <./figures/functional_blockdiagram.jp
eg>]
<figures/c/C_diagram.jpeg, id=33, 680.5425pt x 649.42625pt>
File: figures/c/C_diagram.jpeg Graphic file (type jpg)

<use figures/c/C_diagram.jpeg>
Package pdftex.def Info: figures/c/C_diagram.jpeg used on input line 241.
(pdftex.def)             Requested size: 352.31625pt x 336.20728pt.
 [5]
<figures/c/C_flowchart.jpeg, id=37, 460.72125pt x 984.67876pt>
File: figures/c/C_flowchart.jpeg Graphic file (type jpg)

<use figures/c/C_flowchart.jpeg>
Package pdftex.def Info: figures/c/C_flowchart.jpeg used on input line 250.
(pdftex.def)             Requested size: 281.85587pt x 602.39606pt.
 [6 <./figures/c/C_diagram.jpeg>]
Overfull \vbox (7.18932pt too high) has occurred while \output is active []


[7 <./figures/c/C_flowchart.jpeg>]
Missing character: There is no â in font ptmr7t!
Missing character: There is no € in font ptmr7t!
Missing character: There is no ˜ in font ptmr7t!
Missing character: There is no â in font ptmr7t!
Missing character: There is no € in font ptmr7t!
Missing character: There is no ™ in font ptmr7t!
Missing character: There is no â in font ptmr7t!
Missing character: There is no € in font ptmr7t!
Missing character: There is no ˜ in font ptmr7t!
Missing character: There is no â in font ptmr7t!
Missing character: There is no € in font ptmr7t!
Missing character: There is no ™ in font ptmr7t!
Missing character: There is no â in font ptmr7t!
Missing character: There is no € in font ptmr7t!
Missing character: There is no ˜ in font ptmr7t!
Missing character: There is no â in font ptmr7t!
Missing character: There is no € in font ptmr7t!
Missing character: There is no ™ in font ptmr7t!
Missing character: There is no â in font ptmr7t!
Missing character: There is no € in font ptmr7t!
Missing character: There is no ˜ in font ptmr7t!
Missing character: There is no â in font ptmr7t!
Missing character: There is no € in font ptmr7t!
Missing character: There is no ™ in font ptmr7t!
Missing character: There is no â in font ptmr7t!
Missing character: There is no € in font ptmr7t!
Missing character: There is no ˜ in font ptmr7t!
Missing character: There is no â in font ptmr7t!
Missing character: There is no € in font ptmr7t!
Missing character: There is no ™ in font ptmr7t!
Missing character: There is no â in font ptmr7t!
Missing character: There is no € in font ptmr7t!
Missing character: There is no ˜ in font ptmr7t!
Missing character: There is no â in font ptmr7t!
Missing character: There is no € in font ptmr7t!
Missing character: There is no ™ in font ptmr7t!

<figures/block_diagrams/overall_diagram.jpeg, id=44, 4137.4575pt x 3102.59125pt
>
File: figures/block_diagrams/overall_diagram.jpeg Graphic file (type jpg)
 <use figures/block_diagrams/overall_diagram.jpeg>
Package pdftex.def Info: figures/block_diagrams/overall_diagram.jpeg used on in
put line 264.
(pdftex.def)             Requested size: 352.31625pt x 264.16652pt.

<figures/block_diagrams/poundOccupied_diagram.jpeg, id=45, 4175.6pt x 3131.7pt>
File: figures/block_diagrams/poundOccupied_diagram.jpeg Graphic file (type jpg)

<use figures/block_diagrams/poundOccupied_diagram.jpeg>
Package pdftex.def Info: figures/block_diagrams/poundOccupied_diagram.jpeg used
 on input line 272.
(pdftex.def)             Requested size: 352.31625pt x 264.20787pt.
 [8 <./figures/block_diagrams/overall_diagram.jpeg>]
LaTeX Font Info:    Try loading font information for OT1+pcr on input line 279.


(/usr/local/texlive/2015/texmf-dist/tex/latex/psnfss/ot1pcr.fd
File: ot1pcr.fd 2001/06/04 font definitions for OT1/pcr.
)
Missing character: There is no â in font ptmr7t!
Missing character: There is no € in font ptmr7t!
Missing character: There is no ™ in font ptmr7t!

<figures/block_diagrams/innerWaterLvl_diagram.jpeg, id=49, 4175.6pt x 3131.7pt>
File: figures/block_diagrams/innerWaterLvl_diagram.jpeg Graphic file (type jpg)

<use figures/block_diagrams/innerWaterLvl_diagram.jpeg>
Package pdftex.def Info: figures/block_diagrams/innerWaterLvl_diagram.jpeg used
 on input line 286.
(pdftex.def)             Requested size: 281.85587pt x 211.35674pt.

<figures/innerWaterlvl_RTL.PNG, id=50, 1248.91594pt x 554.07pt>
File: figures/innerWaterlvl_RTL.PNG Graphic file (type png)

<use figures/innerWaterlvl_RTL.PNG>
Package pdftex.def Info: figures/innerWaterlvl_RTL.PNG used on input line 294.
(pdftex.def)             Requested size: 352.31625pt x 156.2968pt.
 [9 <./figures/block_diagrams/poundOccupied_diagram.jpeg> <./figures/block_diag
rams/innerWaterLvl_diagram.jpeg>]
Missing character: There is no â in font ptmr7t!
Missing character: There is no € in font ptmr7t!
Missing character: There is no ™ in font ptmr7t!
 [10 <./figures/innerWaterlvl_RTL.PNG>] [11]
Missing character: There is no â in font ptmr7t!
Missing character: There is no € in font ptmr7t!
Missing character: There is no ˜ in font ptmr7t!
Missing character: There is no â in font ptmr7t!
Missing character: There is no € in font ptmr7t!
Missing character: There is no ™ in font ptmr7t!
 [12] (../overall.v [13])
(../overall_testbench.v [14] [15]) (../innerWaterLvl.v [16])
(../innerWaterLvl_testbench.v [17]) (../poundOccupied.v)
(../poundOccupied_testbench.v [18]) (../clock_divider.v)
(../clock_divider_testbench.v [19]) (../gate.v) (../gate_testbench.v [20])
<figures/gtkwave/overall_gtk.png, id=92, 771.88374pt x 290.08376pt>
File: figures/gtkwave/overall_gtk.png Graphic file (type png)

<use figures/gtkwave/overall_gtk.png>
Package pdftex.def Info: figures/gtkwave/overall_gtk.png used on input line 452
.
(pdftex.def)             Requested size: 352.31625pt x 132.40437pt.
 [21]
<figures/gtkwave/innerwatrlvl_gtk.png, id=96, 775.89874pt x 214.8025pt>
File: figures/gtkwave/innerwatrlvl_gtk.png Graphic file (type png)

<use figures/gtkwave/innerwatrlvl_gtk.png>
Package pdftex.def Info: figures/gtkwave/innerwatrlvl_gtk.png used on input lin
e 460.
(pdftex.def)             Requested size: 352.31625pt x 97.53862pt.

<figures/gtkwave/poundOccu_gtk.png, id=97, 772.8875pt x 151.56625pt>
File: figures/gtkwave/poundOccu_gtk.png Graphic file (type png)

<use figures/gtkwave/poundOccu_gtk.png>
Package pdftex.def Info: figures/gtkwave/poundOccu_gtk.png used on input line 4
68.
(pdftex.def)             Requested size: 352.31625pt x 69.08994pt.

<figures/gtkwave/clkdiv_gtk.png, id=98, 777.90625pt x 98.3675pt>
File: figures/gtkwave/clkdiv_gtk.png Graphic file (type png)

<use figures/gtkwave/clkdiv_gtk.png>
Package pdftex.def Info: figures/gtkwave/clkdiv_gtk.png used on input line 476.

(pdftex.def)             Requested size: 352.31625pt x 44.55164pt.

<figures/gtkwave/gate_gtk.png, id=99, 776.9025pt x 195.73125pt>
File: figures/gtkwave/gate_gtk.png Graphic file (type png)

<use figures/gtkwave/gate_gtk.png>
Package pdftex.def Info: figures/gtkwave/gate_gtk.png used on input line 484.
(pdftex.def)             Requested size: 352.31625pt x 88.76218pt.
 [22 <./figures/gtkwave/overall_gtk.png> <./figures/gtkwave/innerwatrlvl_gtk.pn
g> <./figures/gtkwave/poundOccu_gtk.png> <./figures/gtkwave/clkdiv_gtk.png>]
<figures/gate_truthtable.png, id=108, 335.2525pt x 585.18625pt>
File: figures/gate_truthtable.png Graphic file (type png)

<use figures/gate_truthtable.png>
Package pdftex.def Info: figures/gate_truthtable.png used on input line 492.
(pdftex.def)             Requested size: 258.36668pt x 450.97876pt.

<figures/signaltap/stp_innerWaterLvl.PNG, id=109, 1436.36626pt x 304.88907pt>
File: figures/signaltap/stp_innerWaterLvl.PNG Graphic file (type png)

<use figures/signaltap/stp_innerWaterLvl.PNG>
Package pdftex.def Info: figures/signaltap/stp_innerWaterLvl.PNG used on input 
line 501.
(pdftex.def)             Requested size: 352.31625pt x 74.78453pt.
 [23 <./figures/gtkwave/gate_gtk.png> <./figures/gate_truthtable.png>]
Overfull \hbox (13.03903pt too wide) in paragraph at lines 509--510
\OT1/ptm/m/n/10 wa-ter lev-els. Upon ar-rival, the gon-dola must sig-nal the lo
ck to ini-ti-ate the pro-cess, en-ter the lock, wait as it is raised/low- 
 []

[24 <./figures/signaltap/stp_innerWaterLvl.PNG>]
(/usr/local/texlive/2015/texmf-dist/tex/latex/listings/lstlang1.sty
File: lstlang1.sty 2014/09/06 1.5e listings language file
)
(/usr/local/texlive/2015/texmf-dist/tex/latex/listings/lstmisc.sty
File: lstmisc.sty 2014/09/06 1.5e (Carsten Heinz)
)
(../c/project2.c) <figures/c/c_output.png, id=119, 573.14125pt x 91.34125pt>
File: figures/c/c_output.png Graphic file (type png)

<use figures/c/c_output.png>
Package pdftex.def Info: figures/c/c_output.png used on input line 552.
(pdftex.def)             Requested size: 352.31625pt x 56.14874pt.
 [25] [26 <./figures/c/c_output.png>] (./lab2.aux) ) 
Here is how much of TeX's memory you used:
 4505 strings out of 493089
 67379 string characters out of 6134842
 295729 words of memory out of 5000000
 7853 multiletter control sequences out of 15000+600000
 19222 words of font info for 41 fonts, out of 8000000 for 9000
 1141 hyphenation exceptions out of 8191
 37i,8n,52p,1093b,1557s stack positions out of 5000i,500n,10000p,200000b,80000s
{/usr/local/texlive/2015/te
xmf-dist/fonts/enc/dvips/base/8r.enc}</usr/local/texlive/2015/texmf-dist/fonts/
type1/public/amsfonts/cm/cmmi10.pfb></usr/local/texlive/2015/texmf-dist/fonts/t
ype1/public/amsfonts/cm/cmr10.pfb></usr/local/texlive/2015/texmf-dist/fonts/typ
e1/public/amsfonts/cm/cmsy10.pfb></usr/local/texlive/2015/texmf-dist/fonts/type
1/urw/courier/ucrr8a.pfb></usr/local/texlive/2015/texmf-dist/fonts/type1/urw/ti
mes/utmb8a.pfb></usr/local/texlive/2015/texmf-dist/fonts/type1/urw/times/utmr8a
.pfb></usr/local/texlive/2015/texmf-dist/fonts/type1/urw/times/utmri8a.pfb>
Output written on lab2.pdf (29 pages, 12044577 bytes).
PDF statistics:
 152 PDF objects out of 1000 (max. 8388607)
 88 compressed objects within 1 object stream
 0 named destinations out of 1000 (max. 500000)
 81 words of extra memory for PDF output out of 10000 (max. 10000000)

