22:03:56 **** Incremental Build of configuration Nios II for project scannerIO ****
make all 
Info: Building ../scannerIO_bsp/
C:/altera/16.0/nios2eds/bin/gnu/H-x86_64-mingw32/bin/make --no-print-directory -C ../scannerIO_bsp/
[BSP build complete]
Info: Compiling hello_world_small.c to obj/default/hello_world_small.o
nios2-elf-gcc -xc -MP -MMD -c -I../scannerIO_bsp//HAL/inc -I../scannerIO_bsp/ -I../scannerIO_bsp//drivers/inc  -pipe -D__hal__ -DALT_NO_C_PLUS_PLUS -DALT_NO_CLEAN_EXIT -D'exit(a)=_exit(a)' -DALT_NO_EXIT -DALT_USE_DIRECT_DRIVERS -DALT_NO_INSTRUCTION_EMULATION -DALT_USE_SMALL_DRIVERS -DSMALL_C_LIB -DALT_SINGLE_THREADED    -Os -g -Wall   -mno-hw-div -mno-hw-mul -mno-hw-mulx  -o obj/default/hello_world_small.o hello_world_small.c
hello_world_small.c: In function 'main':
hello_world_small.c:103:14: warning: passing argument 1 of 'alt_putstr' makes pointer from integer without a cast [-Wint-conversion]
   alt_putstr(*pDataIn);
              ^
In file included from hello_world_small.c:82:0:
../scannerIO_bsp//HAL/inc/sys/alt_stdio.h:55:5: note: expected 'const char *' but argument is of type 'char'
 int alt_putstr(const char* str);
     ^
hello_world_small.c:110:15: warning: passing argument 1 of 'alt_putstr' makes pointer from integer without a cast [-Wint-conversion]
    alt_putstr(*pDataIn);
               ^
In file included from hello_world_small.c:82:0:
../scannerIO_bsp//HAL/inc/sys/alt_stdio.h:55:5: note: expected 'const char *' but argument is of type 'char'
 int alt_putstr(const char* str);
     ^
Info: Linking scannerIO.elf
nios2-elf-g++  -T'../scannerIO_bsp//linker.x' -msys-crt0='../scannerIO_bsp//obj/HAL/src/crt0.o' -msys-lib=hal_bsp -L../scannerIO_bsp/  -msmallc  -Wl,-Map=scannerIO.map   -Os -g -Wall   -mno-hw-div -mno-hw-mul -mno-hw-mulx  -o scannerIO.elf obj/default/hello_world_small.o -lm -msys-lib=m
nios2-elf-insert scannerIO.elf --thread_model hal --cpu_name nios2_qsys_0 --qsys true --simulation_enabled false --stderr_dev jtag_uart_0 --stdin_dev jtag_uart_0 --stdout_dev jtag_uart_0 --sopc_system_name nios2 --quartus_project_dir "C:/lab5" --jdi ../..//output_files/lab5.jdi --sopcinfo C:/lab5/software/scannerIO_bsp/../../nios2.sopcinfo
Info: (scannerIO.elf) 1824 Bytes program size (code + initialized data).
Info:                 6256 Bytes free for stack + heap.
Info: Creating scannerIO.objdump
nios2-elf-objdump --disassemble --syms --all-header --source scannerIO.elf >scannerIO.objdump
[scannerIO build complete]
22:04:06 **** Build of configuration Nios II for project scannerIO ****
make all 
Info: Building ../scannerIO_bsp/
C:/altera/16.0/nios2eds/bin/gnu/H-x86_64-mingw32/bin/make --no-print-directory -C ../scannerIO_bsp/
[BSP build complete]
[scannerIO build complete]
22:04:07 **** Incremental Build of configuration Nios II for project scannerIO ****
make all 
Info: Building ../scannerIO_bsp/
C:/altera/16.0/nios2eds/bin/gnu/H-x86_64-mingw32/bin/make --no-print-directory -C ../scannerIO_bsp/
[BSP build complete]
[scannerIO build complete]
